[2012-02-06 18:23:34,993] INFO User occupy cpu:   1.9%us

System occupy cpu:   4.3%sy

Memory use:    4019944k total
  
[2012-02-06 18:23:46,550] INFO User occupy cpu:   1.9%us

System occupy cpu:   4.3%sy

Memory use:    4019944k total
  
[2012-02-06 18:23:58,104] INFO User occupy cpu:   1.9%us

System occupy cpu:   4.3%sy

Memory use:    4019944k total
  
[2012-02-07 10:08:47,931] INFO 
User occupy cpu:   1.1%us

System occupy cpu:   3.1%sy

Memory use:    4019944k total
  
[2012-02-07 10:08:59,487] INFO 
User occupy cpu:   1.1%us

System occupy cpu:   3.1%sy

Memory use:    4019944k total
  
[2012-02-07 10:09:11,045] INFO 
User occupy cpu:   1.1%us

System occupy cpu:   3.1%sy

Memory use:    4019944k total
  
[2012-02-07 10:09:22,596] INFO 
User occupy cpu:   1.1%us

System occupy cpu:   3.1%sy

Memory use:    4019944k total
  
[2012-02-07 10:09:34,153] INFO 
User occupy cpu:   1.1%us

System occupy cpu:   3.1%sy

Memory use:    4019944k total
  
[2012-02-07 10:09:45,715] INFO 
User occupy cpu:   1.1%us

System occupy cpu:   3.1%sy

Memory use:    4019944k total
  
